<?xml version="1.0" encoding="UTF-8"?>
<!-- Generated by org.testng.reporters.JUnitReportReporter -->
<testsuite skipped="0" hostname="Prakashs-MacBook-Pro.local" name="com.qa.api.lms.util.BasicAuthConfig" tests="1" failures="0" timestamp="2021-12-02T14:42:31 PST" time="0.012" errors="0">
  <testcase name="getCredentialsFromDP" time="0.012" classname="com.qa.api.lms.util.BasicAuthConfig"/>
  <system-out/>
</testsuite> <!-- com.qa.api.lms.util.BasicAuthConfig -->
