<?xml version="1.0" encoding="UTF-8"?>
<!-- Generated by org.testng.reporters.JUnitReportReporter -->
<testsuite skipped="0" hostname="Prakashs-MacBook-Pro.local" name="com.qa.api.lms.config.BasicAuthConfig" tests="2" failures="0" timestamp="2021-12-07T07:08:45 PST" time="3.122" errors="0">
  <testcase name="getCredentialsFromDP" time="0.007" classname="com.qa.api.lms.config.BasicAuthConfig"/>
  <system-out/>
  <testcase name="getAllPrograms_WithNoAuthTest" time="3.115" classname="com.qa.api.lms.config.BasicAuthConfig"/>
  <system-out/>
</testsuite> <!-- com.qa.api.lms.config.BasicAuthConfig -->
