<?xml version="1.0" encoding="UTF-8"?>
<!-- Generated by org.testng.reporters.JUnitReportReporter -->
<testsuite skipped="0" hostname="Prakashs-MacBook-Pro.local" name="com.qa.api.lms.tests.BasicAuthConfigTest" tests="2" failures="0" timestamp="2021-12-23T17:05:09 PST" time="5.260" errors="0">
  <testcase name="getCredentialsFromDP" time="0.316" classname="com.qa.api.lms.tests.BasicAuthConfigTest"/>
  <system-out/>
  <testcase name="getAllPrograms_WithNoAuthTest" time="4.944" classname="com.qa.api.lms.tests.BasicAuthConfigTest"/>
  <system-out/>
</testsuite> <!-- com.qa.api.lms.tests.BasicAuthConfigTest -->
