<?xml version="1.0" encoding="UTF-8"?>
<!-- Generated by org.testng.reporters.JUnitReportReporter -->
<testsuite skipped="0" hostname="Prakashs-MacBook-Pro.local" name="com.qa.api.lms.config.BasicAuthConfigTest" tests="2" failures="0" timestamp="2021-12-07T09:37:25 PST" time="3.414" errors="0">
  <testcase name="getAllPrograms_WithNoAuthTest" time="3.404" classname="com.qa.api.lms.config.BasicAuthConfigTest"/>
  <system-out/>
  <testcase name="getCredentialsFromDP" time="0.010" classname="com.qa.api.lms.config.BasicAuthConfigTest"/>
  <system-out/>
</testsuite> <!-- com.qa.api.lms.config.BasicAuthConfigTest -->
