<?xml version="1.0" encoding="UTF-8"?>
<!-- Generated by org.testng.reporters.JUnitReportReporter -->
<testsuite skipped="0" hostname="Prakashs-MacBook-Pro.local" name="com.qa.api.lms.tests.CreateProgramTest" tests="5" failures="0" timestamp="2021-12-23T17:05:09 PST" time="11.812" errors="0">
  <testcase name="createProgramTest" time="7.034" classname="com.qa.api.lms.tests.CreateProgramTest"/>
  <system-out/>
  <testcase name="createProgramWithInvalidProgramNameAsNullTest" time="0.524" classname="com.qa.api.lms.tests.CreateProgramTest"/>
  <system-out/>
  <testcase name="createProgramWithExistingIdTest" time="2.551" classname="com.qa.api.lms.tests.CreateProgramTest"/>
  <system-out/>
  <testcase name="createProgramWithInvalidProgramNameAsEmptyTest" time="0.526" classname="com.qa.api.lms.tests.CreateProgramTest"/>
  <system-out/>
  <testcase name="createProgramWithNullValuesForProgramDecriptionTest" time="1.177" classname="com.qa.api.lms.tests.CreateProgramTest"/>
  <system-out/>
</testsuite> <!-- com.qa.api.lms.tests.CreateProgramTest -->
