<?xml version="1.0" encoding="UTF-8"?>
<!-- Generated by org.testng.reporters.JUnitReportReporter -->
<testsuite skipped="0" hostname="Prakashs-MacBook-Pro.local" name="com.qa.api.lms.tests.DeleteProgramTest" tests="2" failures="0" timestamp="2021-12-23T17:05:09 PST" time="3.726" errors="0">
  <testcase name="deleteProgramTest" time="1.633" classname="com.qa.api.lms.tests.DeleteProgramTest"/>
  <system-out/>
  <testcase name="deleteProgramTest_ProgramNotAvailable" time="2.093" classname="com.qa.api.lms.tests.DeleteProgramTest"/>
  <system-out/>
</testsuite> <!-- com.qa.api.lms.tests.DeleteProgramTest -->
