<?xml version="1.0" encoding="UTF-8"?>
<!-- Generated by org.testng.reporters.JUnitReportReporter -->
<testsuite skipped="0" hostname="Prakashs-MacBook-Pro.local" name="com.qa.api.lms.tests.DemoTest" tests="1" failures="0" timestamp="2021-12-02T10:53:21 PST" time="0.003" errors="0">
  <testcase name="getAllProgramsTest" time="0.003" classname="com.qa.api.lms.tests.DemoTest"/>
  <system-out/>
</testsuite> <!-- com.qa.api.lms.tests.DemoTest -->
