<?xml version="1.0" encoding="UTF-8"?>
<!-- Generated by org.testng.reporters.JUnitReportReporter -->
<testsuite skipped="0" hostname="Prakashs-MacBook-Pro.local" name="com.qa.api.lms.tests.UpdateProgramTest" tests="1" failures="0" timestamp="2021-12-23T17:05:09 PST" time="8.107" errors="0">
  <testcase name="updateProgramTest" time="8.107" classname="com.qa.api.lms.tests.UpdateProgramTest"/>
  <system-out/>
</testsuite> <!-- com.qa.api.lms.tests.UpdateProgramTest -->
