<?xml version="1.0" encoding="UTF-8"?>
<!-- Generated by org.testng.reporters.JUnitReportReporter -->
<testsuite skipped="0" hostname="Prakashs-MacBook-Pro.local" name="com.qa.api.lms.tests.GetProgramsTest" tests="5" failures="0" timestamp="2021-12-23T17:05:09 PST" time="9.079" errors="0">
  <testcase name="getProgramById_ProgramNotAvailable" time="0.521" classname="com.qa.api.lms.tests.GetProgramsTest"/>
  <system-out/>
  <testcase name="getProgramByZeroId_Test" time="0.631" classname="com.qa.api.lms.tests.GetProgramsTest"/>
  <system-out/>
  <testcase name="getAllProgramsTest" time="6.456" classname="com.qa.api.lms.tests.GetProgramsTest"/>
  <system-out/>
  <testcase name="getProgramById" time="0.577" classname="com.qa.api.lms.tests.GetProgramsTest"/>
  <system-out/>
  <testcase name="getAllPrograms_WithInvalidURLTest" time="0.894" classname="com.qa.api.lms.tests.GetProgramsTest"/>
  <system-out/>
</testsuite> <!-- com.qa.api.lms.tests.GetProgramsTest -->
